<?xml version="1.0" encoding="UTF-8"?>
<robot generator="Robot 6.0.2 (Python 3.10.8 on win32)" generated="20230330 20:50:14.058" rpa="false" schemaversion="3">
<suite id="s1" name="Smoke Test Suite" source="C:\Users\makhovdv\PycharmProjects\robot_framework_tester\test_cases\smoke_test_suite.robot">
<test id="s1-t1" name="[Setup]" line="7">
<kw name="Open Browser and Maximize" library="resources">
<arg>${url}</arg>
<arg>${browser_name}</arg>
<kw name="Open Browser" library="SeleniumLibrary">
<arg>${user_url}</arg>
<arg>${user_browser}</arg>
<doc>Opens a new browser instance to the optional ``url``.</doc>
<msg timestamp="20230330 20:50:14.523" level="INFO">Opening browser 'Chrome' to base url 'https://www.saucedemo.com/'.</msg>
<status status="PASS" starttime="20230330 20:50:14.523" endtime="20230330 20:50:38.133"/>
</kw>
<kw name="Maximize Browser Window" library="SeleniumLibrary">
<doc>Maximizes current browser window.</doc>
<status status="PASS" starttime="20230330 20:50:38.133" endtime="20230330 20:50:38.273"/>
</kw>
<kw name="Log" library="BuiltIn">
<arg>Starting Test with ${user_browser}}</arg>
<doc>Logs the given message with the given level.</doc>
<msg timestamp="20230330 20:50:38.273" level="INFO">Starting Test with Chrome}</msg>
<status status="PASS" starttime="20230330 20:50:38.273" endtime="20230330 20:50:38.273"/>
</kw>
<kw name="Log" library="BuiltIn">
<arg>Test URL: ${user_url}}</arg>
<doc>Logs the given message with the given level.</doc>
<msg timestamp="20230330 20:50:38.273" level="INFO">Test URL: https://www.saucedemo.com/}</msg>
<status status="PASS" starttime="20230330 20:50:38.273" endtime="20230330 20:50:38.273"/>
</kw>
<status status="PASS" starttime="20230330 20:50:14.523" endtime="20230330 20:50:38.273"/>
</kw>
<status status="PASS" starttime="20230330 20:50:14.523" endtime="20230330 20:50:38.273"/>
</test>
<test id="s1-t2" name="[Teardown]" line="8">
<kw name="Close Browser and Log" library="resources">
<kw name="Close Browser" library="SeleniumLibrary">
<doc>Closes the current browser.</doc>
<status status="PASS" starttime="20230330 20:50:38.273" endtime="20230330 20:50:40.505"/>
</kw>
<kw name="Log" library="BuiltIn">
<arg>Finished test.</arg>
<doc>Logs the given message with the given level.</doc>
<msg timestamp="20230330 20:50:40.505" level="INFO">Finished test.</msg>
<status status="PASS" starttime="20230330 20:50:40.505" endtime="20230330 20:50:40.505"/>
</kw>
<status status="PASS" starttime="20230330 20:50:38.273" endtime="20230330 20:50:40.505"/>
</kw>
<status status="PASS" starttime="20230330 20:50:38.273" endtime="20230330 20:50:40.505"/>
</test>
<test id="s1-t3" name="Standart user login Test Case" line="10">
<kw name="Login to webpage" library="resources">
<arg>${standard_user}</arg>
<arg>${password}</arg>
<kw name="Set Screenshot Directory" library="SeleniumLibrary">
<arg>../screenshots</arg>
<doc>Sets the directory for captured screenshots.</doc>
<status status="PASS" starttime="20230330 20:50:40.513" endtime="20230330 20:50:40.513"/>
</kw>
<kw name="Input Text" library="SeleniumLibrary">
<arg>id:user-name</arg>
<arg>${user_name}</arg>
<doc>Types the given ``text`` into the text field identified by ``locator``.</doc>
<msg timestamp="20230330 20:50:40.513" level="INFO">Typing text 'standard_user' into text field 'id:user-name'.</msg>
<msg timestamp="20230330 20:50:40.521" level="INFO">Cannot capture screenshot because no browser is open.</msg>
<msg timestamp="20230330 20:50:40.521" level="FAIL">No browser is open.</msg>
<status status="FAIL" starttime="20230330 20:50:40.513" endtime="20230330 20:50:40.533"/>
</kw>
<kw name="Input Password" library="SeleniumLibrary">
<arg>id:password</arg>
<arg>${user_password}</arg>
<doc>Types the given password into the text field identified by ``locator``.</doc>
<status status="NOT RUN" starttime="20230330 20:50:40.533" endtime="20230330 20:50:40.533"/>
</kw>
<kw name="Click Button" library="SeleniumLibrary">
<arg>id:login-button</arg>
<doc>Clicks the button identified by ``locator``.</doc>
<status status="NOT RUN" starttime="20230330 20:50:40.533" endtime="20230330 20:50:40.533"/>
</kw>
<kw name="Log" library="BuiltIn">
<arg>name: {user_name}, password: {user_password}</arg>
<doc>Logs the given message with the given level.</doc>
<status status="NOT RUN" starttime="20230330 20:50:40.533" endtime="20230330 20:50:40.533"/>
</kw>
<kw name="Location Should Be" library="SeleniumLibrary">
<arg>https://www.saucedemo.com/inventory.html</arg>
<doc>Verifies that the current URL is exactly ``url``.</doc>
<status status="NOT RUN" starttime="20230330 20:50:40.533" endtime="20230330 20:50:40.533"/>
</kw>
<kw name="Capture Page Screenshot" library="SeleniumLibrary">
<doc>Takes a screenshot of the current page and embeds it into a log file.</doc>
<status status="NOT RUN" starttime="20230330 20:50:40.533" endtime="20230330 20:50:40.533"/>
</kw>
<status status="FAIL" starttime="20230330 20:50:40.513" endtime="20230330 20:50:40.533"/>
</kw>
<status status="FAIL" starttime="20230330 20:50:40.513" endtime="20230330 20:50:40.538">No browser is open.</status>
</test>
<test id="s1-t4" name="Standart user add product to cart Test Case" line="13">
<kw name="Open Browser and Maximize" library="resources" type="SETUP">
<arg>${url}</arg>
<arg>${browser_name}</arg>
<kw name="Open Browser" library="SeleniumLibrary">
<arg>${user_url}</arg>
<arg>${user_browser}</arg>
<doc>Opens a new browser instance to the optional ``url``.</doc>
<msg timestamp="20230330 20:50:40.548" level="INFO">Opening browser 'Chrome' to base url 'https://www.saucedemo.com/'.</msg>
<status status="PASS" starttime="20230330 20:50:40.548" endtime="20230330 20:51:03.453"/>
</kw>
<kw name="Maximize Browser Window" library="SeleniumLibrary">
<doc>Maximizes current browser window.</doc>
<status status="PASS" starttime="20230330 20:51:03.453" endtime="20230330 20:51:03.570"/>
</kw>
<kw name="Log" library="BuiltIn">
<arg>Starting Test with ${user_browser}}</arg>
<doc>Logs the given message with the given level.</doc>
<msg timestamp="20230330 20:51:03.573" level="INFO">Starting Test with Chrome}</msg>
<status status="PASS" starttime="20230330 20:51:03.570" endtime="20230330 20:51:03.573"/>
</kw>
<kw name="Log" library="BuiltIn">
<arg>Test URL: ${user_url}}</arg>
<doc>Logs the given message with the given level.</doc>
<msg timestamp="20230330 20:51:03.573" level="INFO">Test URL: https://www.saucedemo.com/}</msg>
<status status="PASS" starttime="20230330 20:51:03.573" endtime="20230330 20:51:03.573"/>
</kw>
<status status="PASS" starttime="20230330 20:50:40.543" endtime="20230330 20:51:03.573"/>
</kw>
<kw name="Login to webpage" library="resources">
<arg>${standard_user}</arg>
<arg>${password}</arg>
<kw name="Set Screenshot Directory" library="SeleniumLibrary">
<arg>../screenshots</arg>
<doc>Sets the directory for captured screenshots.</doc>
<status status="PASS" starttime="20230330 20:51:03.573" endtime="20230330 20:51:03.573"/>
</kw>
<kw name="Input Text" library="SeleniumLibrary">
<arg>id:user-name</arg>
<arg>${user_name}</arg>
<doc>Types the given ``text`` into the text field identified by ``locator``.</doc>
<msg timestamp="20230330 20:51:03.578" level="INFO">Typing text 'standard_user' into text field 'id:user-name'.</msg>
<status status="PASS" starttime="20230330 20:51:03.573" endtime="20230330 20:51:03.763"/>
</kw>
<kw name="Input Password" library="SeleniumLibrary">
<arg>id:password</arg>
<arg>${user_password}</arg>
<doc>Types the given password into the text field identified by ``locator``.</doc>
<msg timestamp="20230330 20:51:03.763" level="INFO">Typing password into text field 'id:password'.</msg>
<msg timestamp="20230330 20:51:03.813" level="INFO">Temporally setting log level to: NONE</msg>
<msg timestamp="20230330 20:51:03.891" level="INFO">Log level changed from NONE to INFO.</msg>
<status status="PASS" starttime="20230330 20:51:03.763" endtime="20230330 20:51:03.891"/>
</kw>
<kw name="Click Button" library="SeleniumLibrary">
<arg>id:login-button</arg>
<doc>Clicks the button identified by ``locator``.</doc>
<msg timestamp="20230330 20:51:03.891" level="INFO">Clicking button 'id:login-button'.</msg>
<status status="PASS" starttime="20230330 20:51:03.891" endtime="20230330 20:51:04.022"/>
</kw>
<kw name="Log" library="BuiltIn">
<arg>name: {user_name}, password: {user_password}</arg>
<doc>Logs the given message with the given level.</doc>
<msg timestamp="20230330 20:51:04.022" level="INFO">name: {user_name}, password: {user_password}</msg>
<status status="PASS" starttime="20230330 20:51:04.022" endtime="20230330 20:51:04.022"/>
</kw>
<kw name="Location Should Be" library="SeleniumLibrary">
<arg>https://www.saucedemo.com/inventory.html</arg>
<doc>Verifies that the current URL is exactly ``url``.</doc>
<msg timestamp="20230330 20:51:04.030" level="INFO">Current location is 'https://www.saucedemo.com/inventory.html'.</msg>
<status status="PASS" starttime="20230330 20:51:04.022" endtime="20230330 20:51:04.030"/>
</kw>
<kw name="Capture Page Screenshot" library="SeleniumLibrary">
<doc>Takes a screenshot of the current page and embeds it into a log file.</doc>
<msg timestamp="20230330 20:51:04.401" level="INFO" html="true">&lt;/td&gt;&lt;/tr&gt;&lt;tr&gt;&lt;td colspan="3"&gt;&lt;a href="../screenshots/selenium-screenshot-9.png"&gt;&lt;img src="../screenshots/selenium-screenshot-9.png" width="800px"&gt;&lt;/a&gt;</msg>
<status status="PASS" starttime="20230330 20:51:04.030" endtime="20230330 20:51:04.401"/>
</kw>
<status status="PASS" starttime="20230330 20:51:03.573" endtime="20230330 20:51:04.403"/>
</kw>
<kw name="Add product to card" library="resources">
<arg>${product_name_bp}</arg>
<arg>${product_price_bp}</arg>
<arg>${add_btn_bp}</arg>
<kw name="Get Text" library="SeleniumLibrary">
<var>${product_name}</var>
<arg>xpath:${product_id}</arg>
<doc>Returns the text value of the element identified by ``locator``.</doc>
<msg timestamp="20230330 20:51:04.423" level="INFO">${product_name} = Sauce Labs Backpack</msg>
<status status="PASS" starttime="20230330 20:51:04.403" endtime="20230330 20:51:04.423"/>
</kw>
<kw name="Get Text" library="SeleniumLibrary">
<var>${product_price}</var>
<arg>xpath:${product_price_id}</arg>
<doc>Returns the text value of the element identified by ``locator``.</doc>
<msg timestamp="20230330 20:51:04.442" level="INFO">${product_price} = $29.99</msg>
<status status="PASS" starttime="20230330 20:51:04.423" endtime="20230330 20:51:04.442"/>
</kw>
<kw name="Log" library="BuiltIn">
<arg>Product name: ${product_name}</arg>
<doc>Logs the given message with the given level.</doc>
<msg timestamp="20230330 20:51:04.442" level="INFO">Product name: Sauce Labs Backpack</msg>
<status status="PASS" starttime="20230330 20:51:04.442" endtime="20230330 20:51:04.442"/>
</kw>
<kw name="Log" library="BuiltIn">
<arg>Product price: ${product_price}</arg>
<doc>Logs the given message with the given level.</doc>
<msg timestamp="20230330 20:51:04.442" level="INFO">Product price: $29.99</msg>
<status status="PASS" starttime="20230330 20:51:04.442" endtime="20230330 20:51:04.442"/>
</kw>
<kw name="Click Button" library="SeleniumLibrary">
<var>${add_bt}</var>
<arg>id:${add_bt_id}</arg>
<doc>Clicks the button identified by ``locator``.</doc>
<msg timestamp="20230330 20:51:04.442" level="INFO">Clicking button 'id:add-to-cart-sauce-labs-backpack'.</msg>
<msg timestamp="20230330 20:51:04.490" level="INFO">${add_bt} = None</msg>
<status status="PASS" starttime="20230330 20:51:04.442" endtime="20230330 20:51:04.490"/>
</kw>
<status status="PASS" starttime="20230330 20:51:04.403" endtime="20230330 20:51:04.490"/>
</kw>
<kw name="Open shopping cart" library="resources">
<kw name="Set Screenshot Directory" library="SeleniumLibrary">
<arg>../screenshots</arg>
<doc>Sets the directory for captured screenshots.</doc>
<status status="PASS" starttime="20230330 20:51:04.503" endtime="20230330 20:51:04.503"/>
</kw>
<kw name="Click Link" library="SeleniumLibrary">
<arg>class:shopping_cart_link</arg>
<doc>Clicks a link identified by ``locator``.</doc>
<msg timestamp="20230330 20:51:04.503" level="INFO">Clicking link 'class:shopping_cart_link'.</msg>
<status status="PASS" starttime="20230330 20:51:04.503" endtime="20230330 20:51:04.563"/>
</kw>
<kw name="Capture Element Screenshot" library="SeleniumLibrary">
<arg>xpath://*[@id="cart_contents_container"]</arg>
<doc>Captures a screenshot from the element identified by ``locator`` and embeds it into log file.</doc>
<msg timestamp="20230330 20:51:04.733" level="INFO" html="true">&lt;/td&gt;&lt;/tr&gt;&lt;tr&gt;&lt;td colspan="3"&gt;&lt;a href="../screenshots/selenium-element-screenshot-5.png"&gt;&lt;img src="../screenshots/selenium-element-screenshot-5.png" width="400px"&gt;&lt;/a&gt;</msg>
<status status="PASS" starttime="20230330 20:51:04.563" endtime="20230330 20:51:04.733"/>
</kw>
<status status="PASS" starttime="20230330 20:51:04.503" endtime="20230330 20:51:04.743"/>
</kw>
<kw name="Close Browser and Log" library="resources" type="TEARDOWN">
<kw name="Close Browser" library="SeleniumLibrary">
<doc>Closes the current browser.</doc>
<status status="PASS" starttime="20230330 20:51:04.743" endtime="20230330 20:51:06.953"/>
</kw>
<kw name="Log" library="BuiltIn">
<arg>Finished test.</arg>
<doc>Logs the given message with the given level.</doc>
<msg timestamp="20230330 20:51:06.953" level="INFO">Finished test.</msg>
<status status="PASS" starttime="20230330 20:51:06.953" endtime="20230330 20:51:06.953"/>
</kw>
<status status="PASS" starttime="20230330 20:51:04.743" endtime="20230330 20:51:06.953"/>
</kw>
<status status="PASS" starttime="20230330 20:50:40.543" endtime="20230330 20:51:06.953"/>
</test>
<test id="s1-t5" name="Standart user add more product to cart Test Case" line="20">
<kw name="Open Browser and Maximize" library="resources" type="SETUP">
<arg>${url}</arg>
<arg>${browser_name}</arg>
<kw name="Open Browser" library="SeleniumLibrary">
<arg>${user_url}</arg>
<arg>${user_browser}</arg>
<doc>Opens a new browser instance to the optional ``url``.</doc>
<msg timestamp="20230330 20:51:06.963" level="INFO">Opening browser 'Chrome' to base url 'https://www.saucedemo.com/'.</msg>
<status status="PASS" starttime="20230330 20:51:06.963" endtime="20230330 20:51:29.973"/>
</kw>
<kw name="Maximize Browser Window" library="SeleniumLibrary">
<doc>Maximizes current browser window.</doc>
<status status="PASS" starttime="20230330 20:51:29.973" endtime="20230330 20:51:30.093"/>
</kw>
<kw name="Log" library="BuiltIn">
<arg>Starting Test with ${user_browser}}</arg>
<doc>Logs the given message with the given level.</doc>
<msg timestamp="20230330 20:51:30.093" level="INFO">Starting Test with Chrome}</msg>
<status status="PASS" starttime="20230330 20:51:30.093" endtime="20230330 20:51:30.093"/>
</kw>
<kw name="Log" library="BuiltIn">
<arg>Test URL: ${user_url}}</arg>
<doc>Logs the given message with the given level.</doc>
<msg timestamp="20230330 20:51:30.093" level="INFO">Test URL: https://www.saucedemo.com/}</msg>
<status status="PASS" starttime="20230330 20:51:30.093" endtime="20230330 20:51:30.098"/>
</kw>
<status status="PASS" starttime="20230330 20:51:06.953" endtime="20230330 20:51:30.098"/>
</kw>
<kw name="Login to webpage" library="resources">
<arg>${standard_user}</arg>
<arg>${password}</arg>
<kw name="Set Screenshot Directory" library="SeleniumLibrary">
<arg>../screenshots</arg>
<doc>Sets the directory for captured screenshots.</doc>
<status status="PASS" starttime="20230330 20:51:30.098" endtime="20230330 20:51:30.098"/>
</kw>
<kw name="Input Text" library="SeleniumLibrary">
<arg>id:user-name</arg>
<arg>${user_name}</arg>
<doc>Types the given ``text`` into the text field identified by ``locator``.</doc>
<msg timestamp="20230330 20:51:30.098" level="INFO">Typing text 'standard_user' into text field 'id:user-name'.</msg>
<status status="PASS" starttime="20230330 20:51:30.098" endtime="20230330 20:51:30.285"/>
</kw>
<kw name="Input Password" library="SeleniumLibrary">
<arg>id:password</arg>
<arg>${user_password}</arg>
<doc>Types the given password into the text field identified by ``locator``.</doc>
<msg timestamp="20230330 20:51:30.293" level="INFO">Typing password into text field 'id:password'.</msg>
<msg timestamp="20230330 20:51:30.343" level="INFO">Temporally setting log level to: NONE</msg>
<msg timestamp="20230330 20:51:30.395" level="INFO">Log level changed from NONE to INFO.</msg>
<status status="PASS" starttime="20230330 20:51:30.285" endtime="20230330 20:51:30.395"/>
</kw>
<kw name="Click Button" library="SeleniumLibrary">
<arg>id:login-button</arg>
<doc>Clicks the button identified by ``locator``.</doc>
<msg timestamp="20230330 20:51:30.395" level="INFO">Clicking button 'id:login-button'.</msg>
<status status="PASS" starttime="20230330 20:51:30.395" endtime="20230330 20:51:30.513"/>
</kw>
<kw name="Log" library="BuiltIn">
<arg>name: {user_name}, password: {user_password}</arg>
<doc>Logs the given message with the given level.</doc>
<msg timestamp="20230330 20:51:30.513" level="INFO">name: {user_name}, password: {user_password}</msg>
<status status="PASS" starttime="20230330 20:51:30.513" endtime="20230330 20:51:30.513"/>
</kw>
<kw name="Location Should Be" library="SeleniumLibrary">
<arg>https://www.saucedemo.com/inventory.html</arg>
<doc>Verifies that the current URL is exactly ``url``.</doc>
<msg timestamp="20230330 20:51:30.523" level="INFO">Current location is 'https://www.saucedemo.com/inventory.html'.</msg>
<status status="PASS" starttime="20230330 20:51:30.513" endtime="20230330 20:51:30.523"/>
</kw>
<kw name="Capture Page Screenshot" library="SeleniumLibrary">
<doc>Takes a screenshot of the current page and embeds it into a log file.</doc>
<msg timestamp="20230330 20:51:30.968" level="INFO" html="true">&lt;/td&gt;&lt;/tr&gt;&lt;tr&gt;&lt;td colspan="3"&gt;&lt;a href="../screenshots/selenium-screenshot-10.png"&gt;&lt;img src="../screenshots/selenium-screenshot-10.png" width="800px"&gt;&lt;/a&gt;</msg>
<status status="PASS" starttime="20230330 20:51:30.523" endtime="20230330 20:51:30.968"/>
</kw>
<status status="PASS" starttime="20230330 20:51:30.098" endtime="20230330 20:51:30.968"/>
</kw>
<kw name="Add product to card" library="resources">
<arg>${product_name_bp}</arg>
<arg>${product_price_bp}</arg>
<arg>${add_btn_bp}</arg>
<kw name="Get Text" library="SeleniumLibrary">
<var>${product_name}</var>
<arg>xpath:${product_id}</arg>
<doc>Returns the text value of the element identified by ``locator``.</doc>
<msg timestamp="20230330 20:51:30.993" level="INFO">${product_name} = Sauce Labs Backpack</msg>
<status status="PASS" starttime="20230330 20:51:30.973" endtime="20230330 20:51:30.993"/>
</kw>
<kw name="Get Text" library="SeleniumLibrary">
<var>${product_price}</var>
<arg>xpath:${product_price_id}</arg>
<doc>Returns the text value of the element identified by ``locator``.</doc>
<msg timestamp="20230330 20:51:31.020" level="INFO">${product_price} = $29.99</msg>
<status status="PASS" starttime="20230330 20:51:30.993" endtime="20230330 20:51:31.020"/>
</kw>
<kw name="Log" library="BuiltIn">
<arg>Product name: ${product_name}</arg>
<doc>Logs the given message with the given level.</doc>
<msg timestamp="20230330 20:51:31.020" level="INFO">Product name: Sauce Labs Backpack</msg>
<status status="PASS" starttime="20230330 20:51:31.020" endtime="20230330 20:51:31.020"/>
</kw>
<kw name="Log" library="BuiltIn">
<arg>Product price: ${product_price}</arg>
<doc>Logs the given message with the given level.</doc>
<msg timestamp="20230330 20:51:31.020" level="INFO">Product price: $29.99</msg>
<status status="PASS" starttime="20230330 20:51:31.020" endtime="20230330 20:51:31.020"/>
</kw>
<kw name="Click Button" library="SeleniumLibrary">
<var>${add_bt}</var>
<arg>id:${add_bt_id}</arg>
<doc>Clicks the button identified by ``locator``.</doc>
<msg timestamp="20230330 20:51:31.020" level="INFO">Clicking button 'id:add-to-cart-sauce-labs-backpack'.</msg>
<msg timestamp="20230330 20:51:31.073" level="INFO">${add_bt} = None</msg>
<status status="PASS" starttime="20230330 20:51:31.020" endtime="20230330 20:51:31.073"/>
</kw>
<status status="PASS" starttime="20230330 20:51:30.968" endtime="20230330 20:51:31.073"/>
</kw>
<kw name="Add product to card" library="resources">
<arg>${product_name_ts}</arg>
<arg>${product_price_ts}</arg>
<arg>${add_btn_ts}</arg>
<kw name="Get Text" library="SeleniumLibrary">
<var>${product_name}</var>
<arg>xpath:${product_id}</arg>
<doc>Returns the text value of the element identified by ``locator``.</doc>
<msg timestamp="20230330 20:51:31.090" level="INFO">${product_name} = Sauce Labs Bolt T-Shirt</msg>
<status status="PASS" starttime="20230330 20:51:31.073" endtime="20230330 20:51:31.090"/>
</kw>
<kw name="Get Text" library="SeleniumLibrary">
<var>${product_price}</var>
<arg>xpath:${product_price_id}</arg>
<doc>Returns the text value of the element identified by ``locator``.</doc>
<msg timestamp="20230330 20:51:31.118" level="INFO">${product_price} = $15.99</msg>
<status status="PASS" starttime="20230330 20:51:31.090" endtime="20230330 20:51:31.118"/>
</kw>
<kw name="Log" library="BuiltIn">
<arg>Product name: ${product_name}</arg>
<doc>Logs the given message with the given level.</doc>
<msg timestamp="20230330 20:51:31.118" level="INFO">Product name: Sauce Labs Bolt T-Shirt</msg>
<status status="PASS" starttime="20230330 20:51:31.118" endtime="20230330 20:51:31.118"/>
</kw>
<kw name="Log" library="BuiltIn">
<arg>Product price: ${product_price}</arg>
<doc>Logs the given message with the given level.</doc>
<msg timestamp="20230330 20:51:31.118" level="INFO">Product price: $15.99</msg>
<status status="PASS" starttime="20230330 20:51:31.118" endtime="20230330 20:51:31.118"/>
</kw>
<kw name="Click Button" library="SeleniumLibrary">
<var>${add_bt}</var>
<arg>id:${add_bt_id}</arg>
<doc>Clicks the button identified by ``locator``.</doc>
<msg timestamp="20230330 20:51:31.118" level="INFO">Clicking button 'id:add-to-cart-sauce-labs-bolt-t-shirt'.</msg>
<msg timestamp="20230330 20:51:31.173" level="INFO">${add_bt} = None</msg>
<status status="PASS" starttime="20230330 20:51:31.118" endtime="20230330 20:51:31.173"/>
</kw>
<status status="PASS" starttime="20230330 20:51:31.073" endtime="20230330 20:51:31.173"/>
</kw>
<kw name="Open shopping cart" library="resources">
<kw name="Set Screenshot Directory" library="SeleniumLibrary">
<arg>../screenshots</arg>
<doc>Sets the directory for captured screenshots.</doc>
<status status="PASS" starttime="20230330 20:51:31.173" endtime="20230330 20:51:31.173"/>
</kw>
<kw name="Click Link" library="SeleniumLibrary">
<arg>class:shopping_cart_link</arg>
<doc>Clicks a link identified by ``locator``.</doc>
<msg timestamp="20230330 20:51:31.173" level="INFO">Clicking link 'class:shopping_cart_link'.</msg>
<status status="PASS" starttime="20230330 20:51:31.173" endtime="20230330 20:51:31.231"/>
</kw>
<kw name="Capture Element Screenshot" library="SeleniumLibrary">
<arg>xpath://*[@id="cart_contents_container"]</arg>
<doc>Captures a screenshot from the element identified by ``locator`` and embeds it into log file.</doc>
<msg timestamp="20230330 20:51:31.433" level="INFO" html="true">&lt;/td&gt;&lt;/tr&gt;&lt;tr&gt;&lt;td colspan="3"&gt;&lt;a href="../screenshots/selenium-element-screenshot-6.png"&gt;&lt;img src="../screenshots/selenium-element-screenshot-6.png" width="400px"&gt;&lt;/a&gt;</msg>
<status status="PASS" starttime="20230330 20:51:31.232" endtime="20230330 20:51:31.433"/>
</kw>
<status status="PASS" starttime="20230330 20:51:31.173" endtime="20230330 20:51:31.433"/>
</kw>
<kw name="Close Browser and Log" library="resources" type="TEARDOWN">
<kw name="Close Browser" library="SeleniumLibrary">
<doc>Closes the current browser.</doc>
<status status="PASS" starttime="20230330 20:51:31.433" endtime="20230330 20:51:33.634"/>
</kw>
<kw name="Log" library="BuiltIn">
<arg>Finished test.</arg>
<doc>Logs the given message with the given level.</doc>
<msg timestamp="20230330 20:51:33.634" level="INFO">Finished test.</msg>
<status status="PASS" starttime="20230330 20:51:33.634" endtime="20230330 20:51:33.634"/>
</kw>
<status status="PASS" starttime="20230330 20:51:31.433" endtime="20230330 20:51:33.634"/>
</kw>
<status status="PASS" starttime="20230330 20:51:06.953" endtime="20230330 20:51:33.634"/>
</test>
<test id="s1-t6" name="Full check flow buying product Test Case" line="28">
<kw name="Open Browser and Maximize" library="resources" type="SETUP">
<arg>${url}</arg>
<arg>${browser_name}</arg>
<kw name="Open Browser" library="SeleniumLibrary">
<arg>${user_url}</arg>
<arg>${user_browser}</arg>
<doc>Opens a new browser instance to the optional ``url``.</doc>
<msg timestamp="20230330 20:51:33.643" level="INFO">Opening browser 'Chrome' to base url 'https://www.saucedemo.com/'.</msg>
<status status="PASS" starttime="20230330 20:51:33.643" endtime="20230330 20:51:56.680"/>
</kw>
<kw name="Maximize Browser Window" library="SeleniumLibrary">
<doc>Maximizes current browser window.</doc>
<status status="PASS" starttime="20230330 20:51:56.680" endtime="20230330 20:51:56.813"/>
</kw>
<kw name="Log" library="BuiltIn">
<arg>Starting Test with ${user_browser}}</arg>
<doc>Logs the given message with the given level.</doc>
<msg timestamp="20230330 20:51:56.813" level="INFO">Starting Test with Chrome}</msg>
<status status="PASS" starttime="20230330 20:51:56.813" endtime="20230330 20:51:56.813"/>
</kw>
<kw name="Log" library="BuiltIn">
<arg>Test URL: ${user_url}}</arg>
<doc>Logs the given message with the given level.</doc>
<msg timestamp="20230330 20:51:56.813" level="INFO">Test URL: https://www.saucedemo.com/}</msg>
<status status="PASS" starttime="20230330 20:51:56.813" endtime="20230330 20:51:56.821"/>
</kw>
<status status="PASS" starttime="20230330 20:51:33.643" endtime="20230330 20:51:56.821"/>
</kw>
<kw name="Login to webpage" library="resources">
<arg>${standard_user}</arg>
<arg>${password}</arg>
<kw name="Set Screenshot Directory" library="SeleniumLibrary">
<arg>../screenshots</arg>
<doc>Sets the directory for captured screenshots.</doc>
<status status="PASS" starttime="20230330 20:51:56.821" endtime="20230330 20:51:56.821"/>
</kw>
<kw name="Input Text" library="SeleniumLibrary">
<arg>id:user-name</arg>
<arg>${user_name}</arg>
<doc>Types the given ``text`` into the text field identified by ``locator``.</doc>
<msg timestamp="20230330 20:51:56.821" level="INFO">Typing text 'standard_user' into text field 'id:user-name'.</msg>
<status status="PASS" starttime="20230330 20:51:56.821" endtime="20230330 20:51:56.957"/>
</kw>
<kw name="Input Password" library="SeleniumLibrary">
<arg>id:password</arg>
<arg>${user_password}</arg>
<doc>Types the given password into the text field identified by ``locator``.</doc>
<msg timestamp="20230330 20:51:56.957" level="INFO">Typing password into text field 'id:password'.</msg>
<msg timestamp="20230330 20:51:57.003" level="INFO">Temporally setting log level to: NONE</msg>
<msg timestamp="20230330 20:51:57.056" level="INFO">Log level changed from NONE to INFO.</msg>
<status status="PASS" starttime="20230330 20:51:56.957" endtime="20230330 20:51:57.056"/>
</kw>
<kw name="Click Button" library="SeleniumLibrary">
<arg>id:login-button</arg>
<doc>Clicks the button identified by ``locator``.</doc>
<msg timestamp="20230330 20:51:57.056" level="INFO">Clicking button 'id:login-button'.</msg>
<status status="PASS" starttime="20230330 20:51:57.056" endtime="20230330 20:51:57.152"/>
</kw>
<kw name="Log" library="BuiltIn">
<arg>name: {user_name}, password: {user_password}</arg>
<doc>Logs the given message with the given level.</doc>
<msg timestamp="20230330 20:51:57.152" level="INFO">name: {user_name}, password: {user_password}</msg>
<status status="PASS" starttime="20230330 20:51:57.152" endtime="20230330 20:51:57.152"/>
</kw>
<kw name="Location Should Be" library="SeleniumLibrary">
<arg>https://www.saucedemo.com/inventory.html</arg>
<doc>Verifies that the current URL is exactly ``url``.</doc>
<msg timestamp="20230330 20:51:57.160" level="INFO">Current location is 'https://www.saucedemo.com/inventory.html'.</msg>
<status status="PASS" starttime="20230330 20:51:57.152" endtime="20230330 20:51:57.160"/>
</kw>
<kw name="Capture Page Screenshot" library="SeleniumLibrary">
<doc>Takes a screenshot of the current page and embeds it into a log file.</doc>
<msg timestamp="20230330 20:51:57.523" level="INFO" html="true">&lt;/td&gt;&lt;/tr&gt;&lt;tr&gt;&lt;td colspan="3"&gt;&lt;a href="../screenshots/selenium-screenshot-11.png"&gt;&lt;img src="../screenshots/selenium-screenshot-11.png" width="800px"&gt;&lt;/a&gt;</msg>
<status status="PASS" starttime="20230330 20:51:57.160" endtime="20230330 20:51:57.523"/>
</kw>
<status status="PASS" starttime="20230330 20:51:56.821" endtime="20230330 20:51:57.523"/>
</kw>
<kw name="Add product to card" library="resources">
<arg>${product_name_bp}</arg>
<arg>${product_price_bp}</arg>
<arg>${add_btn_bp}</arg>
<kw name="Get Text" library="SeleniumLibrary">
<var>${product_name}</var>
<arg>xpath:${product_id}</arg>
<doc>Returns the text value of the element identified by ``locator``.</doc>
<msg timestamp="20230330 20:51:57.553" level="INFO">${product_name} = Sauce Labs Backpack</msg>
<status status="PASS" starttime="20230330 20:51:57.523" endtime="20230330 20:51:57.553"/>
</kw>
<kw name="Get Text" library="SeleniumLibrary">
<var>${product_price}</var>
<arg>xpath:${product_price_id}</arg>
<doc>Returns the text value of the element identified by ``locator``.</doc>
<msg timestamp="20230330 20:51:57.579" level="INFO">${product_price} = $29.99</msg>
<status status="PASS" starttime="20230330 20:51:57.553" endtime="20230330 20:51:57.579"/>
</kw>
<kw name="Log" library="BuiltIn">
<arg>Product name: ${product_name}</arg>
<doc>Logs the given message with the given level.</doc>
<msg timestamp="20230330 20:51:57.579" level="INFO">Product name: Sauce Labs Backpack</msg>
<status status="PASS" starttime="20230330 20:51:57.579" endtime="20230330 20:51:57.579"/>
</kw>
<kw name="Log" library="BuiltIn">
<arg>Product price: ${product_price}</arg>
<doc>Logs the given message with the given level.</doc>
<msg timestamp="20230330 20:51:57.579" level="INFO">Product price: $29.99</msg>
<status status="PASS" starttime="20230330 20:51:57.579" endtime="20230330 20:51:57.579"/>
</kw>
<kw name="Click Button" library="SeleniumLibrary">
<var>${add_bt}</var>
<arg>id:${add_bt_id}</arg>
<doc>Clicks the button identified by ``locator``.</doc>
<msg timestamp="20230330 20:51:57.579" level="INFO">Clicking button 'id:add-to-cart-sauce-labs-backpack'.</msg>
<msg timestamp="20230330 20:51:57.632" level="INFO">${add_bt} = None</msg>
<status status="PASS" starttime="20230330 20:51:57.579" endtime="20230330 20:51:57.632"/>
</kw>
<status status="PASS" starttime="20230330 20:51:57.523" endtime="20230330 20:51:57.632"/>
</kw>
<kw name="Open shopping cart" library="resources">
<kw name="Set Screenshot Directory" library="SeleniumLibrary">
<arg>../screenshots</arg>
<doc>Sets the directory for captured screenshots.</doc>
<status status="PASS" starttime="20230330 20:51:57.632" endtime="20230330 20:51:57.632"/>
</kw>
<kw name="Click Link" library="SeleniumLibrary">
<arg>class:shopping_cart_link</arg>
<doc>Clicks a link identified by ``locator``.</doc>
<msg timestamp="20230330 20:51:57.632" level="INFO">Clicking link 'class:shopping_cart_link'.</msg>
<status status="PASS" starttime="20230330 20:51:57.632" endtime="20230330 20:51:57.693"/>
</kw>
<kw name="Capture Element Screenshot" library="SeleniumLibrary">
<arg>xpath://*[@id="cart_contents_container"]</arg>
<doc>Captures a screenshot from the element identified by ``locator`` and embeds it into log file.</doc>
<msg timestamp="20230330 20:51:57.873" level="INFO" html="true">&lt;/td&gt;&lt;/tr&gt;&lt;tr&gt;&lt;td colspan="3"&gt;&lt;a href="../screenshots/selenium-element-screenshot-7.png"&gt;&lt;img src="../screenshots/selenium-element-screenshot-7.png" width="400px"&gt;&lt;/a&gt;</msg>
<status status="PASS" starttime="20230330 20:51:57.693" endtime="20230330 20:51:57.873"/>
</kw>
<status status="PASS" starttime="20230330 20:51:57.632" endtime="20230330 20:51:57.873"/>
</kw>
<kw name="Checkout shopping cart" library="resources">
<arg>Denis</arg>
<arg>Makhov</arg>
<arg>446012</arg>
<kw name="Set Screenshot Directory" library="SeleniumLibrary">
<arg>../screenshots</arg>
<doc>Sets the directory for captured screenshots.</doc>
<status status="PASS" starttime="20230330 20:51:57.883" endtime="20230330 20:51:57.883"/>
</kw>
<kw name="Click Button" library="SeleniumLibrary">
<arg>id:checkout</arg>
<doc>Clicks the button identified by ``locator``.</doc>
<msg timestamp="20230330 20:51:57.883" level="INFO">Clicking button 'id:checkout'.</msg>
<status status="PASS" starttime="20230330 20:51:57.883" endtime="20230330 20:51:57.940"/>
</kw>
<kw name="Input Text" library="SeleniumLibrary">
<arg>id:first-name</arg>
<arg>${fname}</arg>
<doc>Types the given ``text`` into the text field identified by ``locator``.</doc>
<msg timestamp="20230330 20:51:57.953" level="INFO">Typing text 'Denis' into text field 'id:first-name'.</msg>
<status status="PASS" starttime="20230330 20:51:57.953" endtime="20230330 20:51:58.033"/>
</kw>
<kw name="Input Text" library="SeleniumLibrary">
<arg>id:last-name</arg>
<arg>${lname}</arg>
<doc>Types the given ``text`` into the text field identified by ``locator``.</doc>
<msg timestamp="20230330 20:51:58.033" level="INFO">Typing text 'Makhov' into text field 'id:last-name'.</msg>
<status status="PASS" starttime="20230330 20:51:58.033" endtime="20230330 20:51:58.133"/>
</kw>
<kw name="Input Text" library="SeleniumLibrary">
<arg>id:postal-code</arg>
<arg>${postalcode}</arg>
<doc>Types the given ``text`` into the text field identified by ``locator``.</doc>
<msg timestamp="20230330 20:51:58.133" level="INFO">Typing text '446012' into text field 'id:postal-code'.</msg>
<status status="PASS" starttime="20230330 20:51:58.133" endtime="20230330 20:51:58.228"/>
</kw>
<kw name="Click Button" library="SeleniumLibrary">
<arg>id:continue</arg>
<doc>Clicks the button identified by ``locator``.</doc>
<msg timestamp="20230330 20:51:58.228" level="INFO">Clicking button 'id:continue'.</msg>
<status status="PASS" starttime="20230330 20:51:58.228" endtime="20230330 20:51:58.283"/>
</kw>
<kw name="Capture Element Screenshot" library="SeleniumLibrary">
<arg>id:root</arg>
<doc>Captures a screenshot from the element identified by ``locator`` and embeds it into log file.</doc>
<msg timestamp="20230330 20:51:58.423" level="INFO" html="true">&lt;/td&gt;&lt;/tr&gt;&lt;tr&gt;&lt;td colspan="3"&gt;&lt;a href="../screenshots/selenium-element-screenshot-8.png"&gt;&lt;img src="../screenshots/selenium-element-screenshot-8.png" width="400px"&gt;&lt;/a&gt;</msg>
<status status="PASS" starttime="20230330 20:51:58.283" endtime="20230330 20:51:58.423"/>
</kw>
<kw name="Click Button" library="SeleniumLibrary">
<arg>id:finish</arg>
<doc>Clicks the button identified by ``locator``.</doc>
<msg timestamp="20230330 20:51:58.433" level="INFO">Clicking button 'id:finish'.</msg>
<status status="PASS" starttime="20230330 20:51:58.433" endtime="20230330 20:51:58.493"/>
</kw>
<kw name="Location Should Be" library="SeleniumLibrary">
<arg>https://www.saucedemo.com/checkout-complete.html</arg>
<doc>Verifies that the current URL is exactly ``url``.</doc>
<msg timestamp="20230330 20:51:58.503" level="INFO">Current location is 'https://www.saucedemo.com/checkout-complete.html'.</msg>
<status status="PASS" starttime="20230330 20:51:58.493" endtime="20230330 20:51:58.503"/>
</kw>
<kw name="Capture Page Screenshot" library="SeleniumLibrary">
<doc>Takes a screenshot of the current page and embeds it into a log file.</doc>
<msg timestamp="20230330 20:51:58.688" level="INFO" html="true">&lt;/td&gt;&lt;/tr&gt;&lt;tr&gt;&lt;td colspan="3"&gt;&lt;a href="../screenshots/selenium-screenshot-12.png"&gt;&lt;img src="../screenshots/selenium-screenshot-12.png" width="800px"&gt;&lt;/a&gt;</msg>
<status status="PASS" starttime="20230330 20:51:58.503" endtime="20230330 20:51:58.688"/>
</kw>
<status status="PASS" starttime="20230330 20:51:57.883" endtime="20230330 20:51:58.688"/>
</kw>
<kw name="Close Browser and Log" library="resources" type="TEARDOWN">
<kw name="Close Browser" library="SeleniumLibrary">
<doc>Closes the current browser.</doc>
<status status="PASS" starttime="20230330 20:51:58.690" endtime="20230330 20:52:00.873"/>
</kw>
<kw name="Log" library="BuiltIn">
<arg>Finished test.</arg>
<doc>Logs the given message with the given level.</doc>
<msg timestamp="20230330 20:52:00.873" level="INFO">Finished test.</msg>
<status status="PASS" starttime="20230330 20:52:00.873" endtime="20230330 20:52:00.873"/>
</kw>
<status status="PASS" starttime="20230330 20:51:58.689" endtime="20230330 20:52:00.873"/>
</kw>
<status status="PASS" starttime="20230330 20:51:33.634" endtime="20230330 20:52:00.873"/>
</test>
<test id="s1-t7" name="Check sorting method Test Case" line="36">
<kw name="Open Browser and Maximize" library="resources" type="SETUP">
<arg>${url}</arg>
<arg>${browser_name}</arg>
<kw name="Open Browser" library="SeleniumLibrary">
<arg>${user_url}</arg>
<arg>${user_browser}</arg>
<doc>Opens a new browser instance to the optional ``url``.</doc>
<msg timestamp="20230330 20:52:00.873" level="INFO">Opening browser 'Chrome' to base url 'https://www.saucedemo.com/'.</msg>
<status status="PASS" starttime="20230330 20:52:00.873" endtime="20230330 20:52:23.893"/>
</kw>
<kw name="Maximize Browser Window" library="SeleniumLibrary">
<doc>Maximizes current browser window.</doc>
<status status="PASS" starttime="20230330 20:52:23.893" endtime="20230330 20:52:24.012"/>
</kw>
<kw name="Log" library="BuiltIn">
<arg>Starting Test with ${user_browser}}</arg>
<doc>Logs the given message with the given level.</doc>
<msg timestamp="20230330 20:52:24.012" level="INFO">Starting Test with Chrome}</msg>
<status status="PASS" starttime="20230330 20:52:24.012" endtime="20230330 20:52:24.012"/>
</kw>
<kw name="Log" library="BuiltIn">
<arg>Test URL: ${user_url}}</arg>
<doc>Logs the given message with the given level.</doc>
<msg timestamp="20230330 20:52:24.012" level="INFO">Test URL: https://www.saucedemo.com/}</msg>
<status status="PASS" starttime="20230330 20:52:24.012" endtime="20230330 20:52:24.012"/>
</kw>
<status status="PASS" starttime="20230330 20:52:00.873" endtime="20230330 20:52:24.012"/>
</kw>
<kw name="Login to webpage" library="resources">
<arg>${standard_user}</arg>
<arg>${password}</arg>
<kw name="Set Screenshot Directory" library="SeleniumLibrary">
<arg>../screenshots</arg>
<doc>Sets the directory for captured screenshots.</doc>
<status status="PASS" starttime="20230330 20:52:24.012" endtime="20230330 20:52:24.012"/>
</kw>
<kw name="Input Text" library="SeleniumLibrary">
<arg>id:user-name</arg>
<arg>${user_name}</arg>
<doc>Types the given ``text`` into the text field identified by ``locator``.</doc>
<msg timestamp="20230330 20:52:24.012" level="INFO">Typing text 'standard_user' into text field 'id:user-name'.</msg>
<status status="PASS" starttime="20230330 20:52:24.012" endtime="20230330 20:52:24.140"/>
</kw>
<kw name="Input Password" library="SeleniumLibrary">
<arg>id:password</arg>
<arg>${user_password}</arg>
<doc>Types the given password into the text field identified by ``locator``.</doc>
<msg timestamp="20230330 20:52:24.149" level="INFO">Typing password into text field 'id:password'.</msg>
<msg timestamp="20230330 20:52:24.188" level="INFO">Temporally setting log level to: NONE</msg>
<msg timestamp="20230330 20:52:24.248" level="INFO">Log level changed from NONE to INFO.</msg>
<status status="PASS" starttime="20230330 20:52:24.140" endtime="20230330 20:52:24.248"/>
</kw>
<kw name="Click Button" library="SeleniumLibrary">
<arg>id:login-button</arg>
<doc>Clicks the button identified by ``locator``.</doc>
<msg timestamp="20230330 20:52:24.248" level="INFO">Clicking button 'id:login-button'.</msg>
<status status="PASS" starttime="20230330 20:52:24.248" endtime="20230330 20:52:24.343"/>
</kw>
<kw name="Log" library="BuiltIn">
<arg>name: {user_name}, password: {user_password}</arg>
<doc>Logs the given message with the given level.</doc>
<msg timestamp="20230330 20:52:24.343" level="INFO">name: {user_name}, password: {user_password}</msg>
<status status="PASS" starttime="20230330 20:52:24.343" endtime="20230330 20:52:24.343"/>
</kw>
<kw name="Location Should Be" library="SeleniumLibrary">
<arg>https://www.saucedemo.com/inventory.html</arg>
<doc>Verifies that the current URL is exactly ``url``.</doc>
<msg timestamp="20230330 20:52:24.353" level="INFO">Current location is 'https://www.saucedemo.com/inventory.html'.</msg>
<status status="PASS" starttime="20230330 20:52:24.343" endtime="20230330 20:52:24.353"/>
</kw>
<kw name="Capture Page Screenshot" library="SeleniumLibrary">
<doc>Takes a screenshot of the current page and embeds it into a log file.</doc>
<msg timestamp="20230330 20:52:24.692" level="INFO" html="true">&lt;/td&gt;&lt;/tr&gt;&lt;tr&gt;&lt;td colspan="3"&gt;&lt;a href="../screenshots/selenium-screenshot-13.png"&gt;&lt;img src="../screenshots/selenium-screenshot-13.png" width="800px"&gt;&lt;/a&gt;</msg>
<status status="PASS" starttime="20230330 20:52:24.353" endtime="20230330 20:52:24.692"/>
</kw>
<status status="PASS" starttime="20230330 20:52:24.012" endtime="20230330 20:52:24.692"/>
</kw>
<kw name="Change sorting method" library="resources">
<arg>${hilo}</arg>
<kw name="Set Screenshot Directory" library="SeleniumLibrary">
<arg>../screenshots</arg>
<doc>Sets the directory for captured screenshots.</doc>
<status status="PASS" starttime="20230330 20:52:24.692" endtime="20230330 20:52:24.692"/>
</kw>
<kw name="Select From List By Value" library="SeleniumLibrary">
<arg>class:product_sort_container</arg>
<arg>${sorting_method}</arg>
<doc>Selects options from selection list ``locator`` by ``values``.</doc>
<msg timestamp="20230330 20:52:24.692" level="INFO">Selecting options from selection list 'class:product_sort_container' by value hilo.</msg>
<status status="PASS" starttime="20230330 20:52:24.692" endtime="20230330 20:52:24.783"/>
</kw>
<kw name="Capture Page Screenshot" library="SeleniumLibrary">
<doc>Takes a screenshot of the current page and embeds it into a log file.</doc>
<msg timestamp="20230330 20:52:25.019" level="INFO" html="true">&lt;/td&gt;&lt;/tr&gt;&lt;tr&gt;&lt;td colspan="3"&gt;&lt;a href="../screenshots/selenium-screenshot-14.png"&gt;&lt;img src="../screenshots/selenium-screenshot-14.png" width="800px"&gt;&lt;/a&gt;</msg>
<status status="PASS" starttime="20230330 20:52:24.783" endtime="20230330 20:52:25.019"/>
</kw>
<status status="PASS" starttime="20230330 20:52:24.692" endtime="20230330 20:52:25.019"/>
</kw>
<kw name="Close Browser and Log" library="resources" type="TEARDOWN">
<kw name="Close Browser" library="SeleniumLibrary">
<doc>Closes the current browser.</doc>
<status status="PASS" starttime="20230330 20:52:25.019" endtime="20230330 20:52:27.223"/>
</kw>
<kw name="Log" library="BuiltIn">
<arg>Finished test.</arg>
<doc>Logs the given message with the given level.</doc>
<msg timestamp="20230330 20:52:27.223" level="INFO">Finished test.</msg>
<status status="PASS" starttime="20230330 20:52:27.223" endtime="20230330 20:52:27.223"/>
</kw>
<status status="PASS" starttime="20230330 20:52:25.019" endtime="20230330 20:52:27.223"/>
</kw>
<status status="PASS" starttime="20230330 20:52:00.873" endtime="20230330 20:52:27.223"/>
</test>
<test id="s1-t8" name="Locked out user login Test Case" line="42">
<kw name="Open Browser and Maximize" library="resources" type="SETUP">
<arg>${url}</arg>
<arg>${browser_name}</arg>
<kw name="Open Browser" library="SeleniumLibrary">
<arg>${user_url}</arg>
<arg>${user_browser}</arg>
<doc>Opens a new browser instance to the optional ``url``.</doc>
<msg timestamp="20230330 20:52:27.236" level="INFO">Opening browser 'Chrome' to base url 'https://www.saucedemo.com/'.</msg>
<status status="PASS" starttime="20230330 20:52:27.235" endtime="20230330 20:52:50.253"/>
</kw>
<kw name="Maximize Browser Window" library="SeleniumLibrary">
<doc>Maximizes current browser window.</doc>
<status status="PASS" starttime="20230330 20:52:50.253" endtime="20230330 20:52:50.383"/>
</kw>
<kw name="Log" library="BuiltIn">
<arg>Starting Test with ${user_browser}}</arg>
<doc>Logs the given message with the given level.</doc>
<msg timestamp="20230330 20:52:50.383" level="INFO">Starting Test with Chrome}</msg>
<status status="PASS" starttime="20230330 20:52:50.383" endtime="20230330 20:52:50.393"/>
</kw>
<kw name="Log" library="BuiltIn">
<arg>Test URL: ${user_url}}</arg>
<doc>Logs the given message with the given level.</doc>
<msg timestamp="20230330 20:52:50.393" level="INFO">Test URL: https://www.saucedemo.com/}</msg>
<status status="PASS" starttime="20230330 20:52:50.393" endtime="20230330 20:52:50.393"/>
</kw>
<status status="PASS" starttime="20230330 20:52:27.233" endtime="20230330 20:52:50.393"/>
</kw>
<kw name="Login to webpage" library="resources">
<arg>${locked_out_user}</arg>
<arg>${password}</arg>
<kw name="Set Screenshot Directory" library="SeleniumLibrary">
<arg>../screenshots</arg>
<doc>Sets the directory for captured screenshots.</doc>
<status status="PASS" starttime="20230330 20:52:50.393" endtime="20230330 20:52:50.393"/>
</kw>
<kw name="Input Text" library="SeleniumLibrary">
<arg>id:user-name</arg>
<arg>${user_name}</arg>
<doc>Types the given ``text`` into the text field identified by ``locator``.</doc>
<msg timestamp="20230330 20:52:50.393" level="INFO">Typing text 'locked_out_user' into text field 'id:user-name'.</msg>
<status status="PASS" starttime="20230330 20:52:50.393" endtime="20230330 20:52:50.584"/>
</kw>
<kw name="Input Password" library="SeleniumLibrary">
<arg>id:password</arg>
<arg>${user_password}</arg>
<doc>Types the given password into the text field identified by ``locator``.</doc>
<msg timestamp="20230330 20:52:50.584" level="INFO">Typing password into text field 'id:password'.</msg>
<msg timestamp="20230330 20:52:50.644" level="INFO">Temporally setting log level to: NONE</msg>
<msg timestamp="20230330 20:52:50.697" level="INFO">Log level changed from NONE to INFO.</msg>
<status status="PASS" starttime="20230330 20:52:50.584" endtime="20230330 20:52:50.697"/>
</kw>
<kw name="Click Button" library="SeleniumLibrary">
<arg>id:login-button</arg>
<doc>Clicks the button identified by ``locator``.</doc>
<msg timestamp="20230330 20:52:50.697" level="INFO">Clicking button 'id:login-button'.</msg>
<status status="PASS" starttime="20230330 20:52:50.697" endtime="20230330 20:52:50.763"/>
</kw>
<kw name="Log" library="BuiltIn">
<arg>name: {user_name}, password: {user_password}</arg>
<doc>Logs the given message with the given level.</doc>
<msg timestamp="20230330 20:52:50.763" level="INFO">name: {user_name}, password: {user_password}</msg>
<status status="PASS" starttime="20230330 20:52:50.763" endtime="20230330 20:52:50.763"/>
</kw>
<kw name="Location Should Be" library="SeleniumLibrary">
<arg>https://www.saucedemo.com/inventory.html</arg>
<doc>Verifies that the current URL is exactly ``url``.</doc>
<msg timestamp="20230330 20:52:51.003" level="INFO" html="true">&lt;/td&gt;&lt;/tr&gt;&lt;tr&gt;&lt;td colspan="3"&gt;&lt;a href="../screenshots/selenium-screenshot-15.png"&gt;&lt;img src="../screenshots/selenium-screenshot-15.png" width="800px"&gt;&lt;/a&gt;</msg>
<msg timestamp="20230330 20:52:51.003" level="FAIL">Location should have been 'https://www.saucedemo.com/inventory.html' but was 'https://www.saucedemo.com/'.</msg>
<status status="FAIL" starttime="20230330 20:52:50.763" endtime="20230330 20:52:51.003"/>
</kw>
<kw name="Capture Page Screenshot" library="SeleniumLibrary">
<doc>Takes a screenshot of the current page and embeds it into a log file.</doc>
<status status="NOT RUN" starttime="20230330 20:52:51.003" endtime="20230330 20:52:51.003"/>
</kw>
<status status="FAIL" starttime="20230330 20:52:50.393" endtime="20230330 20:52:51.003"/>
</kw>
<kw name="Close Browser and Log" library="resources" type="TEARDOWN">
<kw name="Close Browser" library="SeleniumLibrary">
<doc>Closes the current browser.</doc>
<status status="PASS" starttime="20230330 20:52:51.003" endtime="20230330 20:52:53.183"/>
</kw>
<kw name="Log" library="BuiltIn">
<arg>Finished test.</arg>
<doc>Logs the given message with the given level.</doc>
<msg timestamp="20230330 20:52:53.183" level="INFO">Finished test.</msg>
<status status="PASS" starttime="20230330 20:52:53.183" endtime="20230330 20:52:53.183"/>
</kw>
<status status="PASS" starttime="20230330 20:52:51.003" endtime="20230330 20:52:53.183"/>
</kw>
<status status="FAIL" starttime="20230330 20:52:27.223" endtime="20230330 20:52:53.183">Location should have been 'https://www.saucedemo.com/inventory.html' but was 'https://www.saucedemo.com/'.</status>
</test>
<status status="FAIL" starttime="20230330 20:50:14.066" endtime="20230330 20:52:53.183"/>
</suite>
<statistics>
<total>
<stat pass="6" fail="2" skip="0">All Tests</stat>
</total>
<tag>
</tag>
<suite>
<stat pass="6" fail="2" skip="0" id="s1" name="Smoke Test Suite">Smoke Test Suite</stat>
</suite>
</statistics>
<errors>
</errors>
</robot>
