<?xml version="1.0" encoding="UTF-8"?>
<robot generator="Robot 6.0.2 (Python 3.10.8 on win32)" generated="20230323 23:41:28.669" rpa="false" schemaversion="3">
<suite id="s1" name="Pet Test2" source="C:\Users\makhovdv\PycharmProjects\robot_framework_tester\test_cases\pet_test2.robot">
<test id="s1-t1" name="Standart user add product to cart Test Case" line="7">
<kw name="Open Browser and Maximize" library="resources2" type="SETUP">
<arg>${url}</arg>
<arg>${browser_name}</arg>
<kw name="Open Browser" library="SeleniumLibrary">
<arg>${user_url}</arg>
<arg>${user_browser}</arg>
<doc>Opens a new browser instance to the optional ``url``.</doc>
<msg timestamp="20230323 23:41:28.920" level="INFO">Opening browser 'Chrome' to base url 'https://www.saucedemo.com/'.</msg>
<status status="PASS" starttime="20230323 23:41:28.919" endtime="20230323 23:41:52.714"/>
</kw>
<kw name="Maximize Browser Window" library="SeleniumLibrary">
<doc>Maximizes current browser window.</doc>
<status status="PASS" starttime="20230323 23:41:52.714" endtime="20230323 23:41:52.833"/>
</kw>
<kw name="Log" library="BuiltIn">
<arg>Starting Test with ${user_browser}}</arg>
<doc>Logs the given message with the given level.</doc>
<msg timestamp="20230323 23:41:52.834" level="INFO">Starting Test with Chrome}</msg>
<status status="PASS" starttime="20230323 23:41:52.834" endtime="20230323 23:41:52.834"/>
</kw>
<kw name="Log" library="BuiltIn">
<arg>Test URL: ${user_url}}</arg>
<doc>Logs the given message with the given level.</doc>
<msg timestamp="20230323 23:41:52.835" level="INFO">Test URL: https://www.saucedemo.com/}</msg>
<status status="PASS" starttime="20230323 23:41:52.835" endtime="20230323 23:41:52.835"/>
</kw>
<status status="PASS" starttime="20230323 23:41:28.919" endtime="20230323 23:41:52.835"/>
</kw>
<kw name="Login to webpage" library="resources2">
<arg>${standard_user}</arg>
<arg>${password}</arg>
<kw name="Set Screenshot Directory" library="SeleniumLibrary">
<arg>../screenshots</arg>
<doc>Sets the directory for captured screenshots.</doc>
<status status="PASS" starttime="20230323 23:41:52.837" endtime="20230323 23:41:52.840"/>
</kw>
<kw name="Input Text" library="SeleniumLibrary">
<arg>id:user-name</arg>
<arg>${user_name}</arg>
<doc>Types the given ``text`` into the text field identified by ``locator``.</doc>
<msg timestamp="20230323 23:41:52.842" level="INFO">Typing text 'standard_user' into text field 'id:user-name'.</msg>
<status status="PASS" starttime="20230323 23:41:52.841" endtime="20230323 23:41:53.006"/>
</kw>
<kw name="Input Password" library="SeleniumLibrary">
<arg>id:password</arg>
<arg>${user_password}</arg>
<doc>Types the given password into the text field identified by ``locator``.</doc>
<msg timestamp="20230323 23:41:53.007" level="INFO">Typing password into text field 'id:password'.</msg>
<msg timestamp="20230323 23:41:53.055" level="INFO">Temporally setting log level to: NONE</msg>
<msg timestamp="20230323 23:41:53.119" level="INFO">Log level changed from NONE to INFO.</msg>
<status status="PASS" starttime="20230323 23:41:53.006" endtime="20230323 23:41:53.119"/>
</kw>
<kw name="Click Button" library="SeleniumLibrary">
<arg>id:login-button</arg>
<doc>Clicks the button identified by ``locator``.</doc>
<msg timestamp="20230323 23:41:53.120" level="INFO">Clicking button 'id:login-button'.</msg>
<status status="PASS" starttime="20230323 23:41:53.119" endtime="20230323 23:41:53.205"/>
</kw>
<kw name="Log" library="BuiltIn">
<arg>name: {user_name}, password: {user_password}</arg>
<doc>Logs the given message with the given level.</doc>
<msg timestamp="20230323 23:41:53.206" level="INFO">name: {user_name}, password: {user_password}</msg>
<status status="PASS" starttime="20230323 23:41:53.205" endtime="20230323 23:41:53.206"/>
</kw>
<kw name="Location Should Be" library="SeleniumLibrary">
<arg>https://www.saucedemo.com/inventory.html</arg>
<doc>Verifies that the current URL is exactly ``url``.</doc>
<msg timestamp="20230323 23:41:53.210" level="INFO">Current location is 'https://www.saucedemo.com/inventory.html'.</msg>
<status status="PASS" starttime="20230323 23:41:53.206" endtime="20230323 23:41:53.210"/>
</kw>
<kw name="Sleep" library="BuiltIn">
<arg>3</arg>
<doc>Pauses the test executed for the given time.</doc>
<msg timestamp="20230323 23:41:56.222" level="INFO">Slept 3 seconds</msg>
<status status="PASS" starttime="20230323 23:41:53.211" endtime="20230323 23:41:56.222"/>
</kw>
<status status="PASS" starttime="20230323 23:41:52.836" endtime="20230323 23:41:56.222"/>
</kw>
<kw name="Add product to card" library="resources2">
<arg>//*[@id="item_4_title_link"]/div</arg>
<arg>//*[@id="inventory_container"]/div/div[1]/div[2]/div[2]/div</arg>
<arg>add-to-cart-sauce-labs-backpack</arg>
<kw name="Get Text" library="SeleniumLibrary">
<var>${product_name}</var>
<arg>xpath:${product_id}</arg>
<doc>Returns the text value of the element identified by ``locator``.</doc>
<msg timestamp="20230323 23:41:56.254" level="INFO">${product_name} = Sauce Labs Backpack</msg>
<status status="PASS" starttime="20230323 23:41:56.224" endtime="20230323 23:41:56.254"/>
</kw>
<kw name="Get Text" library="SeleniumLibrary">
<var>${product_price}</var>
<arg>xpath:${product_price_id}</arg>
<doc>Returns the text value of the element identified by ``locator``.</doc>
<msg timestamp="20230323 23:41:56.273" level="INFO">${product_price} = $29.99</msg>
<status status="PASS" starttime="20230323 23:41:56.254" endtime="20230323 23:41:56.273"/>
</kw>
<kw name="Log" library="BuiltIn">
<arg>Product name: ${product_name}</arg>
<doc>Logs the given message with the given level.</doc>
<msg timestamp="20230323 23:41:56.273" level="INFO">Product name: Sauce Labs Backpack</msg>
<status status="PASS" starttime="20230323 23:41:56.273" endtime="20230323 23:41:56.273"/>
</kw>
<kw name="Log" library="BuiltIn">
<arg>Product price: ${product_price}</arg>
<doc>Logs the given message with the given level.</doc>
<msg timestamp="20230323 23:41:56.273" level="INFO">Product price: $29.99</msg>
<status status="PASS" starttime="20230323 23:41:56.273" endtime="20230323 23:41:56.273"/>
</kw>
<kw name="Click Button" library="SeleniumLibrary">
<var>${add_bt}</var>
<arg>id:${add_bt_id}</arg>
<doc>Clicks the button identified by ``locator``.</doc>
<msg timestamp="20230323 23:41:56.274" level="INFO">Clicking button 'id:add-to-cart-sauce-labs-backpack'.</msg>
<msg timestamp="20230323 23:41:56.315" level="INFO">${add_bt} = None</msg>
<status status="PASS" starttime="20230323 23:41:56.274" endtime="20230323 23:41:56.315"/>
</kw>
<status status="PASS" starttime="20230323 23:41:56.223" endtime="20230323 23:41:56.315"/>
</kw>
<kw name="Sleep" library="BuiltIn">
<arg>3</arg>
<doc>Pauses the test executed for the given time.</doc>
<msg timestamp="20230323 23:41:59.324" level="INFO">Slept 3 seconds</msg>
<status status="PASS" starttime="20230323 23:41:56.316" endtime="20230323 23:41:59.324"/>
</kw>
<kw name="Open shopping cart" library="resources2">
<kw name="Set Screenshot Directory" library="SeleniumLibrary">
<arg>../screenshots</arg>
<doc>Sets the directory for captured screenshots.</doc>
<status status="PASS" starttime="20230323 23:41:59.326" endtime="20230323 23:41:59.328"/>
</kw>
<kw name="Click Link" library="SeleniumLibrary">
<arg>class:shopping_cart_link</arg>
<doc>Clicks a link identified by ``locator``.</doc>
<msg timestamp="20230323 23:41:59.329" level="INFO">Clicking link 'class:shopping_cart_link'.</msg>
<status status="PASS" starttime="20230323 23:41:59.328" endtime="20230323 23:41:59.377"/>
</kw>
<kw name="Capture Element Screenshot" library="SeleniumLibrary">
<arg>xpath://*[@id="cart_contents_container"]</arg>
<doc>Captures a screenshot from the element identified by ``locator`` and embeds it into log file.</doc>
<msg timestamp="20230323 23:41:59.554" level="INFO" html="true">&lt;/td&gt;&lt;/tr&gt;&lt;tr&gt;&lt;td colspan="3"&gt;&lt;a href="../screenshots/selenium-element-screenshot-4.png"&gt;&lt;img src="../screenshots/selenium-element-screenshot-4.png" width="400px"&gt;&lt;/a&gt;</msg>
<status status="PASS" starttime="20230323 23:41:59.377" endtime="20230323 23:41:59.554"/>
</kw>
<status status="PASS" starttime="20230323 23:41:59.325" endtime="20230323 23:41:59.554"/>
</kw>
<kw name="Close Browser and Log" library="resources2" type="TEARDOWN">
<kw name="Close Browser" library="SeleniumLibrary">
<doc>Closes the current browser.</doc>
<status status="PASS" starttime="20230323 23:41:59.555" endtime="20230323 23:42:01.738"/>
</kw>
<kw name="Log" library="BuiltIn">
<arg>Finished test.</arg>
<doc>Logs the given message with the given level.</doc>
<msg timestamp="20230323 23:42:01.738" level="INFO">Finished test.</msg>
<status status="PASS" starttime="20230323 23:42:01.738" endtime="20230323 23:42:01.738"/>
</kw>
<status status="PASS" starttime="20230323 23:41:59.555" endtime="20230323 23:42:01.739"/>
</kw>
<status status="PASS" starttime="20230323 23:41:28.919" endtime="20230323 23:42:01.739"/>
</test>
<test id="s1-t2" name="Locked out user login Test Case" line="15">
<kw name="Open Browser and Maximize" library="resources2" type="SETUP">
<arg>${url}</arg>
<arg>${browser_name}</arg>
<kw name="Open Browser" library="SeleniumLibrary">
<arg>${user_url}</arg>
<arg>${user_browser}</arg>
<doc>Opens a new browser instance to the optional ``url``.</doc>
<msg timestamp="20230323 23:42:01.746" level="INFO">Opening browser 'Chrome' to base url 'https://www.saucedemo.com/'.</msg>
<status status="PASS" starttime="20230323 23:42:01.745" endtime="20230323 23:42:24.625"/>
</kw>
<kw name="Maximize Browser Window" library="SeleniumLibrary">
<doc>Maximizes current browser window.</doc>
<status status="PASS" starttime="20230323 23:42:24.625" endtime="20230323 23:42:24.753"/>
</kw>
<kw name="Log" library="BuiltIn">
<arg>Starting Test with ${user_browser}}</arg>
<doc>Logs the given message with the given level.</doc>
<msg timestamp="20230323 23:42:24.753" level="INFO">Starting Test with Chrome}</msg>
<status status="PASS" starttime="20230323 23:42:24.753" endtime="20230323 23:42:24.753"/>
</kw>
<kw name="Log" library="BuiltIn">
<arg>Test URL: ${user_url}}</arg>
<doc>Logs the given message with the given level.</doc>
<msg timestamp="20230323 23:42:24.754" level="INFO">Test URL: https://www.saucedemo.com/}</msg>
<status status="PASS" starttime="20230323 23:42:24.753" endtime="20230323 23:42:24.754"/>
</kw>
<status status="PASS" starttime="20230323 23:42:01.743" endtime="20230323 23:42:24.754"/>
</kw>
<kw name="Login to webpage" library="resources2">
<arg>${locked_out_user}</arg>
<arg>${password}</arg>
<kw name="Set Screenshot Directory" library="SeleniumLibrary">
<arg>../screenshots</arg>
<doc>Sets the directory for captured screenshots.</doc>
<status status="PASS" starttime="20230323 23:42:24.755" endtime="20230323 23:42:24.757"/>
</kw>
<kw name="Input Text" library="SeleniumLibrary">
<arg>id:user-name</arg>
<arg>${user_name}</arg>
<doc>Types the given ``text`` into the text field identified by ``locator``.</doc>
<msg timestamp="20230323 23:42:24.758" level="INFO">Typing text 'locked_out_user' into text field 'id:user-name'.</msg>
<status status="PASS" starttime="20230323 23:42:24.757" endtime="20230323 23:42:24.889"/>
</kw>
<kw name="Input Password" library="SeleniumLibrary">
<arg>id:password</arg>
<arg>${user_password}</arg>
<doc>Types the given password into the text field identified by ``locator``.</doc>
<msg timestamp="20230323 23:42:24.890" level="INFO">Typing password into text field 'id:password'.</msg>
<msg timestamp="20230323 23:42:24.928" level="INFO">Temporally setting log level to: NONE</msg>
<msg timestamp="20230323 23:42:24.974" level="INFO">Log level changed from NONE to INFO.</msg>
<status status="PASS" starttime="20230323 23:42:24.889" endtime="20230323 23:42:24.974"/>
</kw>
<kw name="Click Button" library="SeleniumLibrary">
<arg>id:login-button</arg>
<doc>Clicks the button identified by ``locator``.</doc>
<msg timestamp="20230323 23:42:24.974" level="INFO">Clicking button 'id:login-button'.</msg>
<status status="PASS" starttime="20230323 23:42:24.974" endtime="20230323 23:42:25.023"/>
</kw>
<kw name="Log" library="BuiltIn">
<arg>name: {user_name}, password: {user_password}</arg>
<doc>Logs the given message with the given level.</doc>
<msg timestamp="20230323 23:42:25.023" level="INFO">name: {user_name}, password: {user_password}</msg>
<status status="PASS" starttime="20230323 23:42:25.023" endtime="20230323 23:42:25.023"/>
</kw>
<kw name="Location Should Be" library="SeleniumLibrary">
<arg>https://www.saucedemo.com/inventory.html</arg>
<doc>Verifies that the current URL is exactly ``url``.</doc>
<msg timestamp="20230323 23:42:25.174" level="INFO" html="true">&lt;/td&gt;&lt;/tr&gt;&lt;tr&gt;&lt;td colspan="3"&gt;&lt;a href="../screenshots/selenium-screenshot-13.png"&gt;&lt;img src="../screenshots/selenium-screenshot-13.png" width="800px"&gt;&lt;/a&gt;</msg>
<msg timestamp="20230323 23:42:25.174" level="FAIL">Location should have been 'https://www.saucedemo.com/inventory.html' but was 'https://www.saucedemo.com/'.</msg>
<status status="FAIL" starttime="20230323 23:42:25.023" endtime="20230323 23:42:25.177"/>
</kw>
<kw name="Sleep" library="BuiltIn">
<arg>3</arg>
<doc>Pauses the test executed for the given time.</doc>
<status status="NOT RUN" starttime="20230323 23:42:25.177" endtime="20230323 23:42:25.177"/>
</kw>
<status status="FAIL" starttime="20230323 23:42:24.755" endtime="20230323 23:42:25.177"/>
</kw>
<kw name="Close Browser and Log" library="resources2" type="TEARDOWN">
<kw name="Close Browser" library="SeleniumLibrary">
<doc>Closes the current browser.</doc>
<status status="PASS" starttime="20230323 23:42:25.178" endtime="20230323 23:42:27.328"/>
</kw>
<kw name="Log" library="BuiltIn">
<arg>Finished test.</arg>
<doc>Logs the given message with the given level.</doc>
<msg timestamp="20230323 23:42:27.329" level="INFO">Finished test.</msg>
<status status="PASS" starttime="20230323 23:42:27.328" endtime="20230323 23:42:27.329"/>
</kw>
<status status="PASS" starttime="20230323 23:42:25.177" endtime="20230323 23:42:27.329"/>
</kw>
<status status="FAIL" starttime="20230323 23:42:01.742" endtime="20230323 23:42:27.330">Location should have been 'https://www.saucedemo.com/inventory.html' but was 'https://www.saucedemo.com/'.</status>
</test>
<status status="FAIL" starttime="20230323 23:41:28.676" endtime="20230323 23:42:27.334"/>
</suite>
<statistics>
<total>
<stat pass="1" fail="1" skip="0">All Tests</stat>
</total>
<tag>
</tag>
<suite>
<stat pass="1" fail="1" skip="0" id="s1" name="Pet Test2">Pet Test2</stat>
</suite>
</statistics>
<errors>
</errors>
</robot>
